"gcc -o conftest -I/home/action/.parts/packages/ruby2.1/2.1.1/include/ruby-2.1.0/x86_64-linux -I/home/action/.parts/packages/ruby2.1/2.1.1/include/ruby-2.1.0/ruby/backward -I/home/action/.parts/packages/ruby2.1/2.1.1/include/ruby-2.1.0 -I. -D_FORTIFY_SOURCE=2   -march=x86-64 -mtune=generic -O2 -pipe -fstack-protector --param=ssp-buffer-size=4 conftest.c  -L. -L/home/action/.parts/packages/ruby2.1/2.1.1/lib -Wl,-R/home/action/.parts/packages/ruby2.1/2.1.1/lib -lssl -lcrypto     -Wl,-R -Wl,/home/action/.parts/packages/ruby2.1/2.1.1/lib -L/home/action/.parts/packages/ruby2.1/2.1.1/lib -lruby-static  -lpthread -lrt -ldl -lcrypt -lm   -lc"
checked program was:
/* begin */
1: #include "ruby.h"
2: 
3: int main(int argc, char **argv)
4: {
5:   return 0;
6: }
/* end */

"gcc -o conftest -I/home/action/.parts/packages/ruby2.1/2.1.1/include/ruby-2.1.0/x86_64-linux -I/home/action/.parts/packages/ruby2.1/2.1.1/include/ruby-2.1.0/ruby/backward -I/home/action/.parts/packages/ruby2.1/2.1.1/include/ruby-2.1.0 -I. -D_FORTIFY_SOURCE=2   -march=x86-64 -mtune=generic -O2 -pipe -fstack-protector --param=ssp-buffer-size=4 conftest.c  -L. -L/home/action/.parts/packages/ruby2.1/2.1.1/lib -Wl,-R/home/action/.parts/packages/ruby2.1/2.1.1/lib -lssl -lcrypto     -Wl,-R -Wl,/home/action/.parts/packages/ruby2.1/2.1.1/lib -L/home/action/.parts/packages/ruby2.1/2.1.1/lib -lruby-static  -lpthread -lrt -ldl -lcrypt -lm   -lc"
checked program was:
/* begin */
1: #include "ruby.h"
2: 
3: int main() {return 0;}
/* end */

package configuration for openssl
cflags: 
ldflags: 
libs: -lssl -lcrypto

have_var: checking for rb_trap_immediate in ruby.h,rubysig.h... -------------------- no

"gcc -I/home/action/.parts/packages/ruby2.1/2.1.1/include/ruby-2.1.0/x86_64-linux -I/home/action/.parts/packages/ruby2.1/2.1.1/include/ruby-2.1.0/ruby/backward -I/home/action/.parts/packages/ruby2.1/2.1.1/include/ruby-2.1.0 -I. -D_FORTIFY_SOURCE=2   -march=x86-64 -mtune=generic -O2 -pipe -fstack-protector --param=ssp-buffer-size=4    -c conftest.c"
In file included from conftest.c:4:0:
/home/action/.parts/packages/ruby2.1/2.1.1/include/ruby-2.1.0/ruby/backward/rubysig.h:14:2: warning: #warning rubysig.h is obsolete [-Wcpp]
conftest.c: In function ‘t’:
conftest.c:16:55: error: ‘rb_trap_immediate’ undeclared (first use in this function)
conftest.c:16:55: note: each undeclared identifier is reported only once for each function it appears in
checked program was:
/* begin */
 1: #include "ruby.h"
 2: 
 3: #include <ruby.h>
 4: #include <rubysig.h>
 5: 
 6: /*top*/
 7: extern int t(void);
 8: int main(int argc, char **argv)
 9: {
10:   if (argc > 1000000) {
11:     printf("%p", &t);
12:   }
13: 
14:   return 0;
15: }
16: int t(void) { const volatile void *volatile p; p = &(&rb_trap_immediate)[0]; return 0; }
/* end */

--------------------

have_func: checking for rb_thread_blocking_region()... -------------------- yes

"gcc -o conftest -I/home/action/.parts/packages/ruby2.1/2.1.1/include/ruby-2.1.0/x86_64-linux -I/home/action/.parts/packages/ruby2.1/2.1.1/include/ruby-2.1.0/ruby/backward -I/home/action/.parts/packages/ruby2.1/2.1.1/include/ruby-2.1.0 -I. -D_FORTIFY_SOURCE=2   -march=x86-64 -mtune=generic -O2 -pipe -fstack-protector --param=ssp-buffer-size=4  conftest.c  -L. -L/home/action/.parts/packages/ruby2.1/2.1.1/lib -Wl,-R/home/action/.parts/packages/ruby2.1/2.1.1/lib -L. -Wl,-O1,--sort-common,--as-needed,-z,relro -fstack-protector -rdynamic -Wl,-export-dynamic      -lssl -lcrypto -Wl,-R -Wl,/home/action/.parts/packages/ruby2.1/2.1.1/lib -L/home/action/.parts/packages/ruby2.1/2.1.1/lib -lruby-static  -lssl -lcrypto -lpthread -lrt -ldl -lcrypt -lm   -lc"
conftest.c: In function ‘t’:
conftest.c:13:1: warning: ‘rb_thread_blocking_region’ is deprecated (declared at /home/action/.parts/packages/ruby2.1/2.1.1/include/ruby-2.1.0/ruby/intern.h:870) [-Wdeprecated-declarations]
checked program was:
/* begin */
 1: #include "ruby.h"
 2: 
 3: /*top*/
 4: extern int t(void);
 5: int main(int argc, char **argv)
 6: {
 7:   if (argc > 1000000) {
 8:     printf("%p", &t);
 9:   }
10: 
11:   return 0;
12: }
13: int t(void) { void ((*volatile p)()); p = (void ((*)()))rb_thread_blocking_region; return 0; }
/* end */

--------------------

have_func: checking for inotify_init() in sys/inotify.h... -------------------- yes

"gcc -o conftest -I/home/action/.parts/packages/ruby2.1/2.1.1/include/ruby-2.1.0/x86_64-linux -I/home/action/.parts/packages/ruby2.1/2.1.1/include/ruby-2.1.0/ruby/backward -I/home/action/.parts/packages/ruby2.1/2.1.1/include/ruby-2.1.0 -I. -D_FORTIFY_SOURCE=2   -march=x86-64 -mtune=generic -O2 -pipe -fstack-protector --param=ssp-buffer-size=4  conftest.c  -L. -L/home/action/.parts/packages/ruby2.1/2.1.1/lib -Wl,-R/home/action/.parts/packages/ruby2.1/2.1.1/lib -L. -Wl,-O1,--sort-common,--as-needed,-z,relro -fstack-protector -rdynamic -Wl,-export-dynamic      -lssl -lcrypto -Wl,-R -Wl,/home/action/.parts/packages/ruby2.1/2.1.1/lib -L/home/action/.parts/packages/ruby2.1/2.1.1/lib -lruby-static  -lssl -lcrypto -lpthread -lrt -ldl -lcrypt -lm   -lc"
checked program was:
/* begin */
 1: #include "ruby.h"
 2: 
 3: #include <sys/inotify.h>
 4: 
 5: /*top*/
 6: extern int t(void);
 7: int main(int argc, char **argv)
 8: {
 9:   if (argc > 1000000) {
10:     printf("%p", &t);
11:   }
12: 
13:   return 0;
14: }
15: int t(void) { void ((*volatile p)()); p = (void ((*)()))inotify_init; return 0; }
/* end */

--------------------

have_func: checking for writev() in sys/uio.h... -------------------- yes

"gcc -o conftest -I/home/action/.parts/packages/ruby2.1/2.1.1/include/ruby-2.1.0/x86_64-linux -I/home/action/.parts/packages/ruby2.1/2.1.1/include/ruby-2.1.0/ruby/backward -I/home/action/.parts/packages/ruby2.1/2.1.1/include/ruby-2.1.0 -I. -D_FORTIFY_SOURCE=2   -march=x86-64 -mtune=generic -O2 -pipe -fstack-protector --param=ssp-buffer-size=4  conftest.c  -L. -L/home/action/.parts/packages/ruby2.1/2.1.1/lib -Wl,-R/home/action/.parts/packages/ruby2.1/2.1.1/lib -L. -Wl,-O1,--sort-common,--as-needed,-z,relro -fstack-protector -rdynamic -Wl,-export-dynamic      -lssl -lcrypto -Wl,-R -Wl,/home/action/.parts/packages/ruby2.1/2.1.1/lib -L/home/action/.parts/packages/ruby2.1/2.1.1/lib -lruby-static  -lssl -lcrypto -lpthread -lrt -ldl -lcrypt -lm   -lc"
checked program was:
/* begin */
 1: #include "ruby.h"
 2: 
 3: #include <sys/uio.h>
 4: 
 5: /*top*/
 6: extern int t(void);
 7: int main(int argc, char **argv)
 8: {
 9:   if (argc > 1000000) {
10:     printf("%p", &t);
11:   }
12: 
13:   return 0;
14: }
15: int t(void) { void ((*volatile p)()); p = (void ((*)()))writev; return 0; }
/* end */

--------------------

have_func: checking for rb_wait_for_single_fd()... -------------------- yes

"gcc -o conftest -I/home/action/.parts/packages/ruby2.1/2.1.1/include/ruby-2.1.0/x86_64-linux -I/home/action/.parts/packages/ruby2.1/2.1.1/include/ruby-2.1.0/ruby/backward -I/home/action/.parts/packages/ruby2.1/2.1.1/include/ruby-2.1.0 -I. -D_FORTIFY_SOURCE=2   -march=x86-64 -mtune=generic -O2 -pipe -fstack-protector --param=ssp-buffer-size=4  conftest.c  -L. -L/home/action/.parts/packages/ruby2.1/2.1.1/lib -Wl,-R/home/action/.parts/packages/ruby2.1/2.1.1/lib -L. -Wl,-O1,--sort-common,--as-needed,-z,relro -fstack-protector -rdynamic -Wl,-export-dynamic      -lssl -lcrypto -Wl,-R -Wl,/home/action/.parts/packages/ruby2.1/2.1.1/lib -L/home/action/.parts/packages/ruby2.1/2.1.1/lib -lruby-static  -lssl -lcrypto -lpthread -lrt -ldl -lcrypt -lm   -lc"
conftest.c: In function ‘t’:
conftest.c:13:57: error: ‘rb_wait_for_single_fd’ undeclared (first use in this function)
conftest.c:13:57: note: each undeclared identifier is reported only once for each function it appears in
checked program was:
/* begin */
 1: #include "ruby.h"
 2: 
 3: /*top*/
 4: extern int t(void);
 5: int main(int argc, char **argv)
 6: {
 7:   if (argc > 1000000) {
 8:     printf("%p", &t);
 9:   }
10: 
11:   return 0;
12: }
13: int t(void) { void ((*volatile p)()); p = (void ((*)()))rb_wait_for_single_fd; return 0; }
/* end */

"gcc -o conftest -I/home/action/.parts/packages/ruby2.1/2.1.1/include/ruby-2.1.0/x86_64-linux -I/home/action/.parts/packages/ruby2.1/2.1.1/include/ruby-2.1.0/ruby/backward -I/home/action/.parts/packages/ruby2.1/2.1.1/include/ruby-2.1.0 -I. -D_FORTIFY_SOURCE=2   -march=x86-64 -mtune=generic -O2 -pipe -fstack-protector --param=ssp-buffer-size=4  conftest.c  -L. -L/home/action/.parts/packages/ruby2.1/2.1.1/lib -Wl,-R/home/action/.parts/packages/ruby2.1/2.1.1/lib -L. -Wl,-O1,--sort-common,--as-needed,-z,relro -fstack-protector -rdynamic -Wl,-export-dynamic      -lssl -lcrypto -Wl,-R -Wl,/home/action/.parts/packages/ruby2.1/2.1.1/lib -L/home/action/.parts/packages/ruby2.1/2.1.1/lib -lruby-static  -lssl -lcrypto -lpthread -lrt -ldl -lcrypt -lm   -lc"
checked program was:
/* begin */
 1: #include "ruby.h"
 2: 
 3: /*top*/
 4: extern int t(void);
 5: int main(int argc, char **argv)
 6: {
 7:   if (argc > 1000000) {
 8:     printf("%p", &t);
 9:   }
10: 
11:   return 0;
12: }
13: int t(void) { rb_wait_for_single_fd(); return 0; }
/* end */

--------------------

have_func: checking for rb_enable_interrupt()... -------------------- no

"gcc -o conftest -I/home/action/.parts/packages/ruby2.1/2.1.1/include/ruby-2.1.0/x86_64-linux -I/home/action/.parts/packages/ruby2.1/2.1.1/include/ruby-2.1.0/ruby/backward -I/home/action/.parts/packages/ruby2.1/2.1.1/include/ruby-2.1.0 -I. -D_FORTIFY_SOURCE=2   -march=x86-64 -mtune=generic -O2 -pipe -fstack-protector --param=ssp-buffer-size=4  conftest.c  -L. -L/home/action/.parts/packages/ruby2.1/2.1.1/lib -Wl,-R/home/action/.parts/packages/ruby2.1/2.1.1/lib -L. -Wl,-O1,--sort-common,--as-needed,-z,relro -fstack-protector -rdynamic -Wl,-export-dynamic      -lssl -lcrypto -Wl,-R -Wl,/home/action/.parts/packages/ruby2.1/2.1.1/lib -L/home/action/.parts/packages/ruby2.1/2.1.1/lib -lruby-static  -lssl -lcrypto -lpthread -lrt -ldl -lcrypt -lm   -lc"
conftest.c: In function ‘t’:
conftest.c:13:57: error: ‘rb_enable_interrupt’ undeclared (first use in this function)
conftest.c:13:57: note: each undeclared identifier is reported only once for each function it appears in
checked program was:
/* begin */
 1: #include "ruby.h"
 2: 
 3: /*top*/
 4: extern int t(void);
 5: int main(int argc, char **argv)
 6: {
 7:   if (argc > 1000000) {
 8:     printf("%p", &t);
 9:   }
10: 
11:   return 0;
12: }
13: int t(void) { void ((*volatile p)()); p = (void ((*)()))rb_enable_interrupt; return 0; }
/* end */

"gcc -o conftest -I/home/action/.parts/packages/ruby2.1/2.1.1/include/ruby-2.1.0/x86_64-linux -I/home/action/.parts/packages/ruby2.1/2.1.1/include/ruby-2.1.0/ruby/backward -I/home/action/.parts/packages/ruby2.1/2.1.1/include/ruby-2.1.0 -I. -D_FORTIFY_SOURCE=2   -march=x86-64 -mtune=generic -O2 -pipe -fstack-protector --param=ssp-buffer-size=4  conftest.c  -L. -L/home/action/.parts/packages/ruby2.1/2.1.1/lib -Wl,-R/home/action/.parts/packages/ruby2.1/2.1.1/lib -L. -Wl,-O1,--sort-common,--as-needed,-z,relro -fstack-protector -rdynamic -Wl,-export-dynamic      -lssl -lcrypto -Wl,-R -Wl,/home/action/.parts/packages/ruby2.1/2.1.1/lib -L/home/action/.parts/packages/ruby2.1/2.1.1/lib -lruby-static  -lssl -lcrypto -lpthread -lrt -ldl -lcrypt -lm   -lc"
/tmp/ccmzBwLv.o: In function `t':
conftest.c:(.text+0x7): undefined reference to `rb_enable_interrupt'
collect2: ld returned 1 exit status
checked program was:
/* begin */
 1: #include "ruby.h"
 2: 
 3: /*top*/
 4: extern int t(void);
 5: int main(int argc, char **argv)
 6: {
 7:   if (argc > 1000000) {
 8:     printf("%p", &t);
 9:   }
10: 
11:   return 0;
12: }
13: int t(void) { rb_enable_interrupt(); return 0; }
/* end */

--------------------

have_func: checking for rb_time_new()... -------------------- yes

"gcc -o conftest -I/home/action/.parts/packages/ruby2.1/2.1.1/include/ruby-2.1.0/x86_64-linux -I/home/action/.parts/packages/ruby2.1/2.1.1/include/ruby-2.1.0/ruby/backward -I/home/action/.parts/packages/ruby2.1/2.1.1/include/ruby-2.1.0 -I. -D_FORTIFY_SOURCE=2   -march=x86-64 -mtune=generic -O2 -pipe -fstack-protector --param=ssp-buffer-size=4  conftest.c  -L. -L/home/action/.parts/packages/ruby2.1/2.1.1/lib -Wl,-R/home/action/.parts/packages/ruby2.1/2.1.1/lib -L. -Wl,-O1,--sort-common,--as-needed,-z,relro -fstack-protector -rdynamic -Wl,-export-dynamic      -lssl -lcrypto -Wl,-R -Wl,/home/action/.parts/packages/ruby2.1/2.1.1/lib -L/home/action/.parts/packages/ruby2.1/2.1.1/lib -lruby-static  -lssl -lcrypto -lpthread -lrt -ldl -lcrypt -lm   -lc"
checked program was:
/* begin */
 1: #include "ruby.h"
 2: 
 3: /*top*/
 4: extern int t(void);
 5: int main(int argc, char **argv)
 6: {
 7:   if (argc > 1000000) {
 8:     printf("%p", &t);
 9:   }
10: 
11:   return 0;
12: }
13: int t(void) { void ((*volatile p)()); p = (void ((*)()))rb_time_new; return 0; }
/* end */

--------------------

have_header: checking for sys/event.h... -------------------- no

"gcc -E -I/home/action/.parts/packages/ruby2.1/2.1.1/include/ruby-2.1.0/x86_64-linux -I/home/action/.parts/packages/ruby2.1/2.1.1/include/ruby-2.1.0/ruby/backward -I/home/action/.parts/packages/ruby2.1/2.1.1/include/ruby-2.1.0 -I. -D_FORTIFY_SOURCE=2   -march=x86-64 -mtune=generic -O2 -pipe -fstack-protector --param=ssp-buffer-size=4   conftest.c -o conftest.i"
conftest.c:3:23: fatal error: sys/event.h: No such file or directory
compilation terminated.
checked program was:
/* begin */
1: #include "ruby.h"
2: 
3: #include <sys/event.h>
/* end */

--------------------

have_func: checking for epoll_create() in sys/epoll.h... -------------------- yes

"gcc -o conftest -I/home/action/.parts/packages/ruby2.1/2.1.1/include/ruby-2.1.0/x86_64-linux -I/home/action/.parts/packages/ruby2.1/2.1.1/include/ruby-2.1.0/ruby/backward -I/home/action/.parts/packages/ruby2.1/2.1.1/include/ruby-2.1.0 -I. -D_FORTIFY_SOURCE=2   -march=x86-64 -mtune=generic -O2 -pipe -fstack-protector --param=ssp-buffer-size=4  conftest.c  -L. -L/home/action/.parts/packages/ruby2.1/2.1.1/lib -Wl,-R/home/action/.parts/packages/ruby2.1/2.1.1/lib -L. -Wl,-O1,--sort-common,--as-needed,-z,relro -fstack-protector -rdynamic -Wl,-export-dynamic      -lssl -lcrypto -Wl,-R -Wl,/home/action/.parts/packages/ruby2.1/2.1.1/lib -L/home/action/.parts/packages/ruby2.1/2.1.1/lib -lruby-static  -lssl -lcrypto -lpthread -lrt -ldl -lcrypt -lm   -lc"
checked program was:
/* begin */
 1: #include "ruby.h"
 2: 
 3: #include <sys/epoll.h>
 4: 
 5: /*top*/
 6: extern int t(void);
 7: int main(int argc, char **argv)
 8: {
 9:   if (argc > 1000000) {
10:     printf("%p", &t);
11:   }
12: 
13:   return 0;
14: }
15: int t(void) { void ((*volatile p)()); p = (void ((*)()))epoll_create; return 0; }
/* end */

--------------------

"g++ -o conftest -I/home/action/.parts/packages/ruby2.1/2.1.1/include/ruby-2.1.0/x86_64-linux -I/home/action/.parts/packages/ruby2.1/2.1.1/include/ruby-2.1.0/ruby/backward -I/home/action/.parts/packages/ruby2.1/2.1.1/include/ruby-2.1.0 -I. -D_FORTIFY_SOURCE=2   -march=x86-64 -mtune=generic -O2 -pipe -fstack-protector --param=ssp-buffer-size=4  conftest.c  -L. -L/home/action/.parts/packages/ruby2.1/2.1.1/lib -Wl,-R/home/action/.parts/packages/ruby2.1/2.1.1/lib -L. -Wl,-O1,--sort-common,--as-needed,-z,relro -fstack-protector -rdynamic -Wl,-export-dynamic      -lssl -lcrypto -Wl,-R -Wl,/home/action/.parts/packages/ruby2.1/2.1.1/lib -L/home/action/.parts/packages/ruby2.1/2.1.1/lib -lruby-static -lstdc++ -lpthread -lrt -ldl -lcrypt -lm   -lc"
checked program was:
/* begin */
1: #include "ruby.h"
2: 
3:   #include <utility>
4:   using namespace std;
5:   int main(){ pair<int,int> tuple = make_pair(1,2); }
/* end */

